============================= test session starts ==============================
platform darwin -- Python 3.11.11, pytest-9.0.2, pluggy-1.6.0
rootdir: /Users/peteromalley/Documents/reigh-workspace/vibecomfy-pristine-cleanup
configfile: pyproject.toml
testpaths: tests
plugins: mock-3.15.1, cov-7.1.0, syrupy-5.1.0, jaxtyping-0.3.9, typeguard-4.5.1, asyncio-1.3.0, anyio-4.13.0
asyncio: mode=Mode.AUTO, debug=False, asyncio_default_fixture_loop_scope=None, asyncio_default_test_loop_scope=function
collected 515 items / 5 deselected / 510 selected

tests/parity/test_p1_typed_handle_parity.py ..........ssssssssss........ [  5%]
..                                                                       [  5%]
tests/test_agent_skill_sync.py ...                                       [  6%]
tests/test_analysis.py .......                                           [  7%]
tests/test_blocks.py ..........                                          [  9%]
tests/test_cli.py .........................................              [ 17%]
tests/test_cli_loader.py ......                                          [ 19%]
tests/test_controlnet_patch.py ......                                    [ 20%]
tests/test_diagnostics.py ...                                            [ 20%]
tests/test_doctor_diagnostics.py .........                               [ 22%]
tests/test_doctor_lockfile.py .....                                      [ 23%]
tests/test_doctor_models.py ..                                           [ 23%]
tests/test_edge_primitives.py ...                                        [ 24%]
tests/test_fetch.py ..........                                           [ 26%]
tests/test_finalize_metadata.py ...                                      [ 27%]
tests/test_fixtures.py .............                                     [ 29%]
tests/test_foundation_utils.py ................                          [ 32%]
tests/test_handle.py .....                                               [ 33%]
tests/test_materialize_filtering.py .                                    [ 33%]
tests/test_memory_profile.py ..............                              [ 36%]
tests/test_metadata_registration.py ............                         [ 39%]
tests/test_model_assets.py .....x                                        [ 40%]
tests/test_models_registry.py ................                           [ 43%]
tests/test_nodes_install.py ...................                          [ 47%]
tests/test_nodes_lock.py ....                                            [ 47%]
tests/test_ops.py ...                                                    [ 48%]
tests/test_packaging.py ..                                               [ 48%]
tests/test_patches.py ....                                               [ 49%]
tests/test_plugin_discovery.py ......                                    [ 50%]
tests/test_profile_smoke_report.py .......                               [ 52%]
tests/test_ready_templates.py ..........................                 [ 57%]
tests/test_router.py ..........                                          [ 59%]
tests/test_run_command.py ....                                           [ 60%]
tests/test_runpod_matrix.py .......................                      [ 64%]
tests/test_runpod_runner.py ..........                                   [ 66%]
tests/test_runtime_eval_absence.py .                                     [ 66%]
tests/test_runtime_execution.py ........                                 [ 68%]
tests/test_runtime_run.py .................                              [ 71%]
tests/test_runtime_session.py .......................................... [ 79%]
............                                                             [ 82%]
tests/test_schema.py ....................                                [ 86%]
tests/test_schema_validate.py .......................                    [ 90%]
tests/test_scratchpad_loader.py .                                        [ 90%]
tests/test_search.py .......                                             [ 92%]
tests/test_session_cli.py .....                                          [ 93%]
tests/test_testing_api.py ......                                         [ 94%]
tests/test_watchdog.py ......................                            [ 98%]
tests/test_workflow_core.py ...s...                                      [100%]

=========== 498 passed, 11 skipped, 5 deselected, 1 xfailed in 3.04s ===========
